Patient | Id: 9001 | Username: Test Patient 1 | was added to the database
Patient was null in getPatientById() | Search Id: 9001 | Error: null
doesPatientExist() called | Search Id: 9999 | Result: true
getPatients() called | Result: [Patient(patientId=9999, username=tester, password=tester, contactId=1, email=tester, address=tester)]
getPatients() called | Result: [Patient(patientId=9999, username=tester, password=tester, contactId=1, email=tester, address=tester)]
getPatients() called | Result: []
getPatients() called | Result: []
Unhandled exception in addPatient() | Unable to find com.training.pms.models.Insurance with id 1; nested exception is javax.persistence.EntityNotFoundException: Unable to find com.training.pms.models.Insurance with id 1
Unhandled exception in addPatient() | Unable to find com.training.pms.models.Insurance with id 1; nested exception is javax.persistence.EntityNotFoundException: Unable to find com.training.pms.models.Insurance with id 1
getPatients() called | Result: []
getPatients() called | Result: []
getPatients() called | Result: []
Unhandled exception in addPatient() | org.hibernate.TransientPropertyValueException: object references an unsaved transient instance - save the transient instance before flushing : com.training.pms.models.Patient.insuranceProvider -> com.training.pms.models.Insurance; nested exception is java.lang.IllegalStateException: org.hibernate.TransientPropertyValueException: object references an unsaved transient instance - save the transient instance before flushing : com.training.pms.models.Patient.insuranceProvider -> com.training.pms.models.Insurance
getPatients() called | Result: []
Unhandled exception in addPatient() | org.hibernate.TransientPropertyValueException: object references an unsaved transient instance - save the transient instance before flushing : com.training.pms.models.Patient.insuranceProvider -> com.training.pms.models.Insurance; nested exception is java.lang.IllegalStateException: org.hibernate.TransientPropertyValueException: object references an unsaved transient instance - save the transient instance before flushing : com.training.pms.models.Patient.insuranceProvider -> com.training.pms.models.Insurance
Patient | Id: 3 | Username: tester | was added to the database
getPatients() called | Result: [Patient(patientId=3, username=tester, password=tester, email=test@email.com, address=1800 don't come here ave, phoneNumber=1234567890, insuranceProvider=testing to see if I fix the problem)]
getPatients() called | Result: [Patient(patientId=3, username=tester, password=tester, email=test@email.com, address=1800 don't come here ave, phoneNumber=1234567890, insuranceProvider=testing to see if I fix the problem)]
Patient | Id: 4 | Username: tester1 | was added to the database
Patient | Id: 5 | Username: tester2 | was added to the database
Unhandled exception in addAppointment() | org.hibernate.TransientPropertyValueException: object references an unsaved transient instance - save the transient instance before flushing : com.training.pms.models.Appointment.doctor -> com.training.pms.models.Doctor; nested exception is java.lang.IllegalStateException: org.hibernate.TransientPropertyValueException: object references an unsaved transient instance - save the transient instance before flushing : com.training.pms.models.Appointment.doctor -> com.training.pms.models.Doctor
Appointment | Id: 7 | Date: 2899-05-06 | was added to the database
Appointment | Id: 8 | Date: 2899-05-06 | was added to the database
getPatients() called | Result: [Patient(patientId=3, username=tester, password=tester, email=test@email.com, address=1800 don't come here ave, phoneNumber=1234567890), Patient(patientId=4, username=tester1, password=tester, email=test1@email.com, address=1800 don't come here ave, phoneNumber=1234567890), Patient(patientId=5, username=tester2, password=tester, email=test2@email.com, address=1800 don't come here ave, phoneNumber=1234567890)]
getAppointments() called | Result: [Appointment(appointmentId=5, appointmentDescription=test national, notableSymptoms=test national, appointmentDate=1997-05-07, patient=Patient(patientId=3, username=tester, password=tester, email=test@email.com, address=1800 don't come here ave, phoneNumber=1234567890), doctor=Doctor(doctorId=1, fName=test, lName=test, email=test)), Appointment(appointmentId=7, appointmentDescription=Tester object, notableSymptoms=null, appointmentDate=2899-05-06, patient=Patient(patientId=3, username=tester, password=tester, email=test@email.com, address=1800 don't come here ave, phoneNumber=1234567890), doctor=Doctor(doctorId=1, fName=test, lName=test, email=test)), Appointment(appointmentId=8, appointmentDescription=Tester object, notableSymptoms=null, appointmentDate=2899-05-06, patient=null, doctor=null)]
getAppointmentById() called | Result: Appointment(appointmentId=5, appointmentDescription=test national, notableSymptoms=test national, appointmentDate=1997-05-07, patient=Patient(patientId=3, username=tester, password=tester, email=test@email.com, address=1800 don't come here ave, phoneNumber=1234567890), doctor=Doctor(doctorId=1, fName=test, lName=test, email=test))
getAppointmentById() called | Result: Appointment(appointmentId=7, appointmentDescription=Tester object, notableSymptoms=null, appointmentDate=2899-05-06, patient=Patient(patientId=3, username=tester, password=tester, email=test@email.com, address=1800 don't come here ave, phoneNumber=1234567890), doctor=Doctor(doctorId=1, fName=test, lName=test, email=test))
getAppointmentById() called | Result: Appointment(appointmentId=7, appointmentDescription=Tester object, notableSymptoms=null, appointmentDate=2899-05-06, patient=Patient(patientId=3, username=tester, password=tester, email=test@email.com, address=1800 don't come here ave, phoneNumber=1234567890), doctor=Doctor(doctorId=1, fName=test, lName=test, email=test))
getAppointments() called | Result: [Appointment(appointmentId=5, appointmentDescription=test national, notableSymptoms=test national, appointmentDate=1997-05-07, patient=Patient(patientId=3, username=tester, password=tester, email=test@email.com, address=1800 don't come here ave, phoneNumber=1234567890), doctor=Doctor(doctorId=1, fName=test, lName=test, email=test)), Appointment(appointmentId=7, appointmentDescription=Tester object, notableSymptoms=null, appointmentDate=2899-05-06, patient=Patient(patientId=3, username=tester, password=tester, email=test@email.com, address=1800 don't come here ave, phoneNumber=1234567890), doctor=Doctor(doctorId=1, fName=test, lName=test, email=test)), Appointment(appointmentId=8, appointmentDescription=Tester object, notableSymptoms=null, appointmentDate=2899-05-06, patient=null, doctor=null)]
getPatients() called | Result: [Patient(patientId=3, username=tester, password=tester, email=test@email.com, address=1800 don't come here ave, phoneNumber=1234567890), Patient(patientId=4, username=tester1, password=tester, email=test1@email.com, address=1800 don't come here ave, phoneNumber=1234567890), Patient(patientId=5, username=tester2, password=tester, email=test2@email.com, address=1800 don't come here ave, phoneNumber=1234567890)]
Patient | Id: 5 | Username: tester2 | was retrieved by getPatientById() 
Patient | Id: 5 | Username: tester2 | was deleted to the database
getPatients() called | Result: [Patient(patientId=3, username=tester, password=tester, email=test@email.com, address=1800 don't come here ave, phoneNumber=1234567890), Patient(patientId=4, username=tester1, password=tester, email=test1@email.com, address=1800 don't come here ave, phoneNumber=1234567890)]
getPatients() called | Result: [Patient(patientId=3, username=tester, password=tester, email=test@email.com, address=1800 don't come here ave, phoneNumber=1234567890), Patient(patientId=4, username=tester1, password=tester, email=test1@email.com, address=1800 don't come here ave, phoneNumber=1234567890)]
getPatients() called | Result: [Patient(patientId=3, username=tester, password=tester, email=test@email.com, address=1800 don't come here ave, phoneNumber=1234567890), Patient(patientId=4, username=tester1, password=tester, email=test1@email.com, address=1800 don't come here ave, phoneNumber=1234567890)]
getPatients() called | Result: [Patient(patientId=3, username=tester, password=tester, email=test@email.com, address=1800 don't come here ave, phoneNumber=1234567890), Patient(patientId=4, username=tester1, password=tester, email=test1@email.com, address=1800 don't come here ave, phoneNumber=1234567890)]
getPatients() called | Result: [Patient(patientId=3, username=tester, password=tester, email=test@email.com, address=1800 don't come here ave, phoneNumber=1234567890), Patient(patientId=4, username=tester1, password=tester, email=test1@email.com, address=1800 don't come here ave, phoneNumber=1234567890)]
getPatients() called | Result: [Patient(patientId=3, username=tester, password=tester, email=test@email.com, address=1800 don't come here ave, phoneNumber=1234567890), Patient(patientId=4, username=tester1, password=tester, email=test1@email.com, address=1800 don't come here ave, phoneNumber=1234567890)]
getPatients() called | Result: [Patient(patientId=3, username=tester, password=tester, email=test@email.com, address=1800 don't come here ave, phoneNumber=1234567890), Patient(patientId=4, username=tester1, password=tester, email=test1@email.com, address=1800 don't come here ave, phoneNumber=1234567890)]
getPatients() called | Result: [Patient(patientId=3, username=tester, password=tester, email=test@email.com, address=1800 don't come here ave, phoneNumber=1234567890), Patient(patientId=4, username=tester1, password=tester, email=test1@email.com, address=1800 don't come here ave, phoneNumber=1234567890)]
getPatients() called | Result: [Patient(patientId=3, username=tester, password=tester, email=test@email.com, address=1800 don't come here ave, phoneNumber=1234567890), Patient(patientId=4, username=tester1, password=tester, email=test1@email.com, address=1800 don't come here ave, phoneNumber=1234567890)]
getPatients() called | Result: [Patient(patientId=3, username=tester, password=tester, email=test@email.com, address=1800 don't come here ave, phoneNumber=1234567890), Patient(patientId=4, username=tester1, password=tester, email=test1@email.com, address=1800 don't come here ave, phoneNumber=1234567890)]
getPatients() called | Result: [Patient(patientId=3, username=tester, password=tester, email=test@email.com, address=1800 don't come here ave, phoneNumber=1234567890), Patient(patientId=4, username=tester1, password=tester, email=test1@email.com, address=1800 don't come here ave, phoneNumber=1234567890)]
getPatients() called | Result: [Patient(patientId=3, username=tester, password=tester, email=test@email.com, address=1800 don't come here ave, phoneNumber=1234567890), Patient(patientId=4, username=tester1, password=tester, email=test1@email.com, address=1800 don't come here ave, phoneNumber=1234567890)]
getPatients() called | Result: [Patient(patientId=3, username=tester, password=tester, email=test@email.com, address=1800 don't come here ave, phoneNumber=1234567890), Patient(patientId=4, username=tester1, password=tester, email=test1@email.com, address=1800 don't come here ave, phoneNumber=1234567890)]
getPatients() called | Result: [Patient(patientId=3, username=tester, password=tester, email=test@email.com, address=1800 don't come here ave, phoneNumber=1234567890), Patient(patientId=4, username=tester1, password=tester, email=test1@email.com, address=1800 don't come here ave, phoneNumber=1234567890)]
Patient was null in getPatientById() | Search Id: 5 | Error: null
getPatients() called | Result: [Patient(patientId=3, username=tester, password=tester, email=test@email.com, address=1800 don't come here ave, phoneNumber=1234567890), Patient(patientId=4, username=tester1, password=tester, email=test1@email.com, address=1800 don't come here ave, phoneNumber=1234567890)]
getPatients() called | Result: [Patient(patientId=3, username=tester, password=tester, email=test@email.com, address=1800 don't come here ave, phoneNumber=1234567890), Patient(patientId=4, username=tester1, password=tester, email=test1@email.com, address=1800 don't come here ave, phoneNumber=1234567890)]
getPatients() called | Result: [Patient(patientId=3, username=tester, password=tester, email=test@email.com, address=1800 don't come here ave, phoneNumber=1234567890), Patient(patientId=4, username=tester1, password=tester, email=test1@email.com, address=1800 don't come here ave, phoneNumber=1234567890)]
getPatients() called | Result: [Patient(patientId=3, username=tester, password=tester, email=test@email.com, address=1800 don't come here ave, phoneNumber=1234567890), Patient(patientId=4, username=tester1, password=tester, email=test1@email.com, address=1800 don't come here ave, phoneNumber=1234567890)]
getPatients() called | Result: [Patient(patientId=3, username=tester, password=tester, email=test@email.com, address=1800 don't come here ave, phoneNumber=1234567890), Patient(patientId=4, username=tester1, password=tester, email=test1@email.com, address=1800 don't come here ave, phoneNumber=1234567890)]
getPatients() called | Result: [Patient(patientId=3, username=tester, password=tester, email=test@email.com, address=1800 don't come here ave, phoneNumber=1234567890), Patient(patientId=4, username=tester1, password=tester, email=test1@email.com, address=1800 don't come here ave, phoneNumber=1234567890)]
getPatients() called | Result: [Patient(patientId=3, username=tester, password=tester, email=test@email.com, address=1800 don't come here ave, phoneNumber=1234567890), Patient(patientId=4, username=tester1, password=tester, email=test1@email.com, address=1800 don't come here ave, phoneNumber=1234567890)]
getPatients() called | Result: [Patient(patientId=3, username=tester, password=tester, email=test@email.com, address=1800 don't come here ave, phoneNumber=1234567890), Patient(patientId=4, username=tester1, password=tester, email=test1@email.com, address=1800 don't come here ave, phoneNumber=1234567890)]
getPatients() called | Result: [Patient(patientId=3, username=tester, password=tester, email=test@email.com, address=1800 don't come here ave, phoneNumber=1234567890), Patient(patientId=4, username=tester1, password=tester, email=test1@email.com, address=1800 don't come here ave, phoneNumber=1234567890)]
getPatients() called | Result: [Patient(patientId=3, username=tester, password=tester, email=test@email.com, address=1800 don't come here ave, phoneNumber=1234567890), Patient(patientId=4, username=tester1, password=tester, email=test1@email.com, address=1800 don't come here ave, phoneNumber=1234567890)]
getPatients() called | Result: [Patient(patientId=3, username=tester, password=tester, email=test@email.com, address=1800 don't come here ave, phoneNumber=1234567890), Patient(patientId=4, username=tester1, password=tester, email=test1@email.com, address=1800 don't come here ave, phoneNumber=1234567890)]
getPatients() called | Result: [Patient(patientId=3, username=tester, password=tester, email=test@email.com, address=1800 don't come here ave, phoneNumber=1234567890), Patient(patientId=4, username=tester1, password=tester, email=test1@email.com, address=1800 don't come here ave, phoneNumber=1234567890)]
getPatients() called | Result: [Patient(patientId=3, username=tester, password=tester, email=test@email.com, address=1800 don't come here ave, phoneNumber=1234567890), Patient(patientId=4, username=tester1, password=tester, email=test1@email.com, address=1800 don't come here ave, phoneNumber=1234567890)]
getPatients() called | Result: [Patient(patientId=3, username=tester, password=tester, email=test@email.com, address=1800 don't come here ave, phoneNumber=1234567890), Patient(patientId=4, username=tester1, password=tester, email=test1@email.com, address=1800 don't come here ave, phoneNumber=1234567890)]
getPatients() called | Result: [Patient(patientId=3, username=tester, password=tester, email=test@email.com, address=1800 don't come here ave, phoneNumber=1234567890), Patient(patientId=4, username=tester1, password=tester, email=test1@email.com, address=1800 don't come here ave, phoneNumber=1234567890)]
getPatients() called | Result: [Patient(patientId=3, username=tester, password=tester, email=test@email.com, address=1800 don't come here ave, phoneNumber=1234567890), Patient(patientId=4, username=tester1, password=tester, email=test1@email.com, address=1800 don't come here ave, phoneNumber=1234567890)]
getPatients() called | Result: [Patient(patientId=3, username=tester, password=tester, email=test@email.com, address=1800 don't come here ave, phoneNumber=1234567890), Patient(patientId=4, username=tester1, password=tester, email=test1@email.com, address=1800 don't come here ave, phoneNumber=1234567890)]
getPatients() called | Result: [Patient(patientId=3, username=tester, password=tester, email=test@email.com, address=1800 don't come here ave, phoneNumber=1234567890), Patient(patientId=4, username=tester1, password=tester, email=test1@email.com, address=1800 don't come here ave, phoneNumber=1234567890)]
Patient | Id: 3 | Username: tester | was retrieved by getPatientById() 
Patient | Id: 3 | Username: tester | was retrieved by getPatientById() 
Patient | Id: 3 | Username: tester | was retrieved by getPatientById() 
getPatients() called | Result: [Patient(patientId=3, username=tester, password=tester, email=test@email.com, address=1800 don't come here ave, phoneNumber=1234567890), Patient(patientId=4, username=tester1, password=tester, email=test1@email.com, address=1800 don't come here ave, phoneNumber=1234567890)]
Patient | Id: 3 | Username: tester | was retrieved by getPatientById() 
Unhandled exception in getAppointmentById() | Error: No value present
getAppointments() called | Result: [Appointment(appointmentId=5, appointmentDescription=test national, notableSymptoms=test national, appointmentDate=1997-05-07, patient=Patient(patientId=3, username=tester, password=tester, email=test@email.com, address=1800 don't come here ave, phoneNumber=1234567890), doctor=Doctor(doctorId=1, fName=test, lName=test, email=test)), Appointment(appointmentId=7, appointmentDescription=Tester object, notableSymptoms=null, appointmentDate=2899-05-06, patient=Patient(patientId=3, username=tester, password=tester, email=test@email.com, address=1800 don't come here ave, phoneNumber=1234567890), doctor=Doctor(doctorId=1, fName=test, lName=test, email=test)), Appointment(appointmentId=8, appointmentDescription=Tester object, notableSymptoms=null, appointmentDate=2899-05-06, patient=null, doctor=null)]
getPatients() called | Result: [Patient(patientId=3, username=tester, password=tester, email=test@email.com, address=1800 don't come here ave, phoneNumber=1234567890), Patient(patientId=4, username=tester1, password=tester, email=test1@email.com, address=1800 don't come here ave, phoneNumber=1234567890)]
getPatients() called | Result: [Patient(patientId=3, username=tester, password=tester, email=test@email.com, address=1800 don't come here ave, phoneNumber=1234567890), Patient(patientId=4, username=tester1, password=tester, email=test1@email.com, address=1800 don't come here ave, phoneNumber=1234567890)]
Patient | Id: 3 | Username: tester | was retrieved by getPatientById() 
getPatients() called | Result: [Patient(patientId=3, username=tester, password=tester, email=test@email.com, address=1800 don't come here ave, phoneNumber=1234567890), Patient(patientId=4, username=tester1, password=tester, email=test1@email.com, address=1800 don't come here ave, phoneNumber=1234567890)]
Patient | Id: 3 | Username: tester | was retrieved by getPatientById() 
getPatients() called | Result: [Patient(patientId=3, username=tester, password=tester, email=test@email.com, address=1800 don't come here ave, phoneNumber=1234567890), Patient(patientId=4, username=tester1, password=tester, email=test1@email.com, address=1800 don't come here ave, phoneNumber=1234567890)]
getPatients() called | Result: [Patient(patientId=3, username=tester, password=tester, email=test@email.com, address=1800 don't come here ave, phoneNumber=1234567890), Patient(patientId=4, username=tester1, password=tester, email=test1@email.com, address=1800 don't come here ave, phoneNumber=1234567890)]
Patient | Id: 3 | Username: tester | was retrieved by getPatientById() 
getPatients() called | Result: [Patient(patientId=3, username=tester, password=tester, email=test@email.com, address=1800 don't come here ave, phoneNumber=1234567890), Patient(patientId=4, username=tester1, password=tester, email=test1@email.com, address=1800 don't come here ave, phoneNumber=1234567890)]
getPatients() called | Result: [Patient(patientId=3, username=tester, password=tester, email=test@email.com, address=1800 don't come here ave, phoneNumber=1234567890), Patient(patientId=4, username=tester1, password=tester, email=test1@email.com, address=1800 don't come here ave, phoneNumber=1234567890)]
Patient | Id: 3 | Username: tester | was retrieved by getPatientById() 
getPatients() called | Result: [Patient(patientId=3, username=tester, password=tester, email=test@email.com, address=1800 don't come here ave, phoneNumber=1234567890), Patient(patientId=4, username=tester1, password=tester, email=test1@email.com, address=1800 don't come here ave, phoneNumber=1234567890)]
getPatients() called | Result: [Patient(patientId=3, username=tester, password=tester, email=test@email.com, address=1800 don't come here ave, phoneNumber=1234567890), Patient(patientId=4, username=tester1, password=tester, email=test1@email.com, address=1800 don't come here ave, phoneNumber=1234567890)]
Patient | Id: 3 | Username: tester | was retrieved by getPatientById() 
Patient | Id: 3 | Username: tester | was retrieved by getPatientById() 
getPatients() called | Result: [Patient(patientId=3, username=tester, password=tester, email=test@email.com, address=1800 don't come here ave, phoneNumber=1234567890), Patient(patientId=4, username=tester1, password=tester, email=test1@email.com, address=1800 don't come here ave, phoneNumber=1234567890)]
Patient | Id: 3 | Username: tester | was retrieved by getPatientById() 
getPatients() called | Result: [Patient(patientId=3, username=tester, password=tester, email=test@email.com, address=1800 don't come here ave, phoneNumber=1234567890), Patient(patientId=4, username=tester1, password=tester, email=test1@email.com, address=1800 don't come here ave, phoneNumber=1234567890)]
getPatients() called | Result: [Patient(patientId=3, username=tester, password=tester, email=test@email.com, address=1800 don't come here ave, phoneNumber=1234567890), Patient(patientId=4, username=tester1, password=tester, email=test1@email.com, address=1800 don't come here ave, phoneNumber=1234567890)]
Patient | Id: 3 | Username: tester | was retrieved by getPatientById() 
Patient | Id: 3 | Username: tester | was retrieved by getPatientById() 
getPatients() called | Result: [Patient(patientId=3, username=tester, password=tester, email=test@email.com, address=1800 don't come here ave, phoneNumber=1234567890), Patient(patientId=4, username=tester1, password=tester, email=test1@email.com, address=1800 don't come here ave, phoneNumber=1234567890)]
Patient | Id: 3 | Username: tester | was retrieved by getPatientById() 
getPatients() called | Result: [Patient(patientId=3, username=tester, password=tester, email=test@email.com, address=1800 don't come here ave, phoneNumber=1234567890), Patient(patientId=4, username=tester1, password=tester, email=test1@email.com, address=1800 don't come here ave, phoneNumber=1234567890)]
Patient | Id: 3 | Username: tester | was retrieved by getPatientById() 
getPatients() called | Result: [Patient(patientId=3, username=tester, password=tester, email=test@email.com, address=1800 don't come here ave, phoneNumber=1234567890), Patient(patientId=4, username=tester1, password=tester, email=test1@email.com, address=1800 don't come here ave, phoneNumber=1234567890)]
Patient | Id: 3 | Username: tester | was retrieved by getPatientById() 
getPatients() called | Result: [Patient(patientId=3, username=tester, password=tester, email=test@email.com, address=1800 don't come here ave, phoneNumber=1234567890), Patient(patientId=4, username=tester1, password=tester, email=test1@email.com, address=1800 don't come here ave, phoneNumber=1234567890)]
Patient | Id: 3 | Username: tester | was retrieved by getPatientById() 
getPatients() called | Result: [Patient(patientId=3, username=tester, password=tester, email=test@email.com, address=1800 don't come here ave, phoneNumber=1234567890), Patient(patientId=4, username=tester1, password=tester, email=test1@email.com, address=1800 don't come here ave, phoneNumber=1234567890)]
Patient | Id: 3 | Username: tester | was retrieved by getPatientById() 
getPatients() called | Result: [Patient(patientId=3, username=tester, password=tester, email=test@email.com, address=1800 don't come here ave, phoneNumber=1234567890), Patient(patientId=4, username=tester1, password=tester, email=test1@email.com, address=1800 don't come here ave, phoneNumber=1234567890)]
Patient | Id: 3 | Username: tester | was retrieved by getPatientById() 
getPatients() called | Result: [Patient(patientId=3, username=tester, password=tester, email=test@email.com, address=1800 don't come here ave, phoneNumber=1234567890), Patient(patientId=4, username=tester1, password=tester, email=test1@email.com, address=1800 don't come here ave, phoneNumber=1234567890)]
Patient | Id: 3 | Username: tester | was retrieved by getPatientById() 
getPatients() called | Result: [Patient(patientId=3, username=tester, password=tester, email=test@email.com, address=1800 don't come here ave, phoneNumber=1234567890), Patient(patientId=4, username=tester1, password=tester, email=test1@email.com, address=1800 don't come here ave, phoneNumber=1234567890)]
Patient | Id: 3 | Username: tester | was retrieved by getPatientById() 
getPatients() called | Result: [Patient(patientId=3, username=tester, password=tester, email=test@email.com, address=1800 don't come here ave, phoneNumber=1234567890), Patient(patientId=4, username=tester1, password=tester, email=test1@email.com, address=1800 don't come here ave, phoneNumber=1234567890)]
Patient | Id: 3 | Username: tester | was retrieved by getPatientById() 
getPatients() called | Result: [Patient(patientId=3, username=tester, password=tester, email=test@email.com, address=1800 don't come here ave, phoneNumber=1234567890), Patient(patientId=4, username=tester1, password=tester, email=test1@email.com, address=1800 don't come here ave, phoneNumber=1234567890)]
Patient | Id: 3 | Username: tester | was retrieved by getPatientById() 
getPatients() called | Result: [Patient(patientId=3, username=tester, password=tester, email=test@email.com, address=1800 don't come here ave, phoneNumber=1234567890), Patient(patientId=4, username=tester1, password=tester, email=test1@email.com, address=1800 don't come here ave, phoneNumber=1234567890)]
Patient | Id: 3 | Username: tester | was retrieved by getPatientById() 
getPatients() called | Result: [Patient(patientId=3, username=tester, password=tester, email=test@email.com, address=1800 don't come here ave, phoneNumber=1234567890), Patient(patientId=4, username=tester1, password=tester, email=test1@email.com, address=1800 don't come here ave, phoneNumber=1234567890)]
Patient | Id: 3 | Username: tester | was retrieved by getPatientById() 
getPatients() called | Result: [Patient(patientId=3, username=tester, password=tester, email=test@email.com, address=1800 don't come here ave, phoneNumber=1234567890), Patient(patientId=4, username=tester1, password=tester, email=test1@email.com, address=1800 don't come here ave, phoneNumber=1234567890)]
Patient | Id: 3 | Username: tester | was retrieved by getPatientById() 
getPatients() called | Result: [Patient(patientId=3, username=tester, password=tester, email=test@email.com, address=1800 don't come here ave, phoneNumber=1234567890), Patient(patientId=4, username=tester1, password=tester, email=test1@email.com, address=1800 don't come here ave, phoneNumber=1234567890)]
Patient | Id: 6 | Username: testing | was added to the database
Patient | Id: 3 | Username: tester | was retrieved by getPatientById() 
getPatients() called | Result: [Patient(patientId=3, username=tester, password=tester, email=test@email.com, address=1800 don't come here ave, phoneNumber=1234567890), Patient(patientId=4, username=tester1, password=tester, email=test1@email.com, address=1800 don't come here ave, phoneNumber=1234567890), Patient(patientId=6, username=testing, password=tester, email=tester@aol.com, address=123456 not an address, phoneNumber=null)]
Patient was null in getPatientById() | Search Id: 3 | Error: null
getPatients() called | Result: []
getPatients() called | Result: []
Patient was null in getPatientById() | Search Id: 3 | Error: null
getPatients() called | Result: []
getPatients() called | Result: []
getPatients() called | Result: []
Patient was null in getPatientById() | Search Id: 3 | Error: null
Patient | Id: 1 | Username: aardiente | was added to the database
Patient was null in getPatientById() | Search Id: 3 | Error: null
getPatients() called | Result: [Patient(patientId=1, username=aardiente, password=tester123, email=aardiente@live.com, address=28505 36th Ave S. Auburn, WA, phoneNumber=null)]
Patient was null in getPatientById() | Search Id: 3 | Error: null
getPatients() called | Result: [Patient(patientId=1, username=aardiente, password=tester123, email=aardiente@live.com, address=28505 36th Ave S. Auburn, WA, phoneNumber=null)]
Patient was null in getPatientById() | Search Id: 3 | Error: null
getPatients() called | Result: [Patient(patientId=1, username=aardiente, password=tester123, name=null, email=aardiente@live.com, address=28505 36th Ave S. Auburn, WA, phoneNumber=null)]
Patient was null in getPatientById() | Search Id: 3 | Error: null
getPatients() called | Result: [Patient(patientId=1, username=aardiente, password=tester123, name=null, email=aardiente@live.com, address=28505 36th Ave S. Auburn, WA, phoneNumber=null)]
Patient was null in getPatientById() | Search Id: 3 | Error: null
getPatients() called | Result: [Patient(patientId=1, username=aardiente, password=tester123, name=null, email=aardiente@live.com, address=28505 36th Ave S. Auburn, WA, phoneNumber=null)]
Patient was null in getPatientById() | Search Id: 3 | Error: null
getPatients() called | Result: [Patient(patientId=1, username=aardiente, password=tester123, name=null, email=aardiente@live.com, address=28505 36th Ave S. Auburn, WA, phoneNumber=null)]
getPatients() called | Result: [Patient(patientId=1, username=aardiente, password=tester123, name=null, email=aardiente@live.com, address=28505 36th Ave S. Auburn, WA, phoneNumber=null)]
Patient was null in getPatientById() | Search Id: 3 | Error: null
Patient | Id: 2 | Username: tester | was added to the database
Patient was null in getPatientById() | Search Id: 3 | Error: null
getPatients() called | Result: [Patient(patientId=1, username=aardiente, password=tester123, name=null, email=aardiente@live.com, address=28505 36th Ave S. Auburn, WA, phoneNumber=null), Patient(patientId=2, username=tester, password=tester, name=null, email=tester@email.com, address=123 not an address, phoneNumber=null)]
Patient was null in getPatientById() | Search Id: 3 | Error: null
getPatients() called | Result: [Patient(patientId=1, username=aardiente, password=tester123, name=null, email=aardiente@live.com, address=28505 36th Ave S. Auburn, WA, phoneNumber=null), Patient(patientId=2, username=tester, password=tester, name=null, email=tester@email.com, address=123 not an address, phoneNumber=null)]
Patient was null in getPatientById() | Search Id: 3 | Error: null
getPatients() called | Result: [Patient(patientId=1, username=aardiente, password=tester123, name=null, email=aardiente@live.com, address=28505 36th Ave S. Auburn, WA, phoneNumber=null), Patient(patientId=2, username=tester, password=tester, name=null, email=tester@email.com, address=123 not an address, phoneNumber=null)]
Patient | Id: 3 | Username: tester1 | was added to the database
getPatients() called | Result: [Patient(patientId=1, username=aardiente, password=tester123, name=null, email=aardiente@live.com, address=28505 36th Ave S. Auburn, WA, phoneNumber=null), Patient(patientId=2, username=tester, password=tester, name=null, email=tester@email.com, address=123 not an address, phoneNumber=null), Patient(patientId=3, username=tester1, password=tester, name=null, email=tester1@test.com, address=test, phoneNumber=1234567890)]
Patient | Id: 3 | Username: tester1 | was retrieved by getPatientById() 
Patient | Id: 3 | Username: tester1 | was retrieved by getPatientById() 
getPatients() called | Result: [Patient(patientId=1, username=aardiente, password=tester123, name=null, email=aardiente@live.com, address=28505 36th Ave S. Auburn, WA, phoneNumber=null), Patient(patientId=2, username=tester, password=tester, name=null, email=tester@email.com, address=123 not an address, phoneNumber=null), Patient(patientId=3, username=tester1, password=tester, name=null, email=tester1@test.com, address=test, phoneNumber=1234567890)]
getAllInsurance() called | Result: [Insurance(insuranceId=1, patient=Patient(patientId=1, username=aardiente, password=tester123, name=null, email=aardiente@live.com, address=28505 36th Ave S. Auburn, WA, phoneNumber=null), provider=InsuranceProvider(providerId=1, providerName=Blue Cross, phoneNumber=0123456789, address=Not A Real Address)), Insurance(insuranceId=2, patient=Patient(patientId=1, username=aardiente, password=tester123, name=null, email=aardiente@live.com, address=28505 36th Ave S. Auburn, WA, phoneNumber=null), provider=InsuranceProvider(providerId=3, providerName=WA Community Health, phoneNumber=0123456789, address=Not A Real Address)), Insurance(insuranceId=3, patient=Patient(patientId=2, username=tester, password=tester, name=null, email=tester@email.com, address=123 not an address, phoneNumber=null), provider=InsuranceProvider(providerId=2, providerName=State Farm, phoneNumber=0123456789, address=Not A Real Address))]
getAllInsurance() called | Result: [Insurance(insuranceId=1, patient=Patient(patientId=1, username=aardiente, password=tester123, name=null, email=aardiente@live.com, address=28505 36th Ave S. Auburn, WA, phoneNumber=null), provider=InsuranceProvider(providerId=1, providerName=Blue Cross, phoneNumber=0123456789, address=Not A Real Address)), Insurance(insuranceId=2, patient=Patient(patientId=1, username=aardiente, password=tester123, name=null, email=aardiente@live.com, address=28505 36th Ave S. Auburn, WA, phoneNumber=null), provider=InsuranceProvider(providerId=3, providerName=WA Community Health, phoneNumber=0123456789, address=Not A Real Address)), Insurance(insuranceId=3, patient=Patient(patientId=2, username=tester, password=tester, name=null, email=tester@email.com, address=123 not an address, phoneNumber=null), provider=InsuranceProvider(providerId=2, providerName=State Farm, phoneNumber=0123456789, address=Not A Real Address))]
getAllInsurance() called | Result: [Insurance(insuranceId=1, patient=Patient(patientId=1, username=aardiente, password=tester123, name=null, email=aardiente@live.com, address=28505 36th Ave S. Auburn, WA, phoneNumber=null), provider=InsuranceProvider(providerId=1, providerName=Blue Cross, phoneNumber=0123456789, address=Not A Real Address)), Insurance(insuranceId=2, patient=Patient(patientId=1, username=aardiente, password=tester123, name=null, email=aardiente@live.com, address=28505 36th Ave S. Auburn, WA, phoneNumber=null), provider=InsuranceProvider(providerId=3, providerName=WA Community Health, phoneNumber=0123456789, address=Not A Real Address)), Insurance(insuranceId=3, patient=Patient(patientId=2, username=tester, password=tester, name=null, email=tester@email.com, address=123 not an address, phoneNumber=null), provider=InsuranceProvider(providerId=2, providerName=State Farm, phoneNumber=0123456789, address=Not A Real Address))]
